[12-Dec-2024 04:27:02 Europe/Istanbul] Toplam galeri resim sayısı: 7
[12-Dec-2024 04:27:02 Europe/Istanbul] Ajax URL: https://pumada.ygtlabs.dev/include/ajax.php?do=gallery&action=row
[12-Dec-2024 04:27:02 Europe/Istanbul] Toplam galeri resim sayısı: 7
[12-Dec-2024 04:27:02 Europe/Istanbul] SQL Sorgusu: SELECT * FROM galeri_resimler ORDER BY galeri_tarih DESC LIMIT 0,10
[12-Dec-2024 04:28:06 Europe/Istanbul] Toplam galeri resim sayısı: 7
[12-Dec-2024 04:28:06 Europe/Istanbul] Ajax URL: https://pumada.ygtlabs.dev/include/ajax.php?do=gallery&action=row
[12-Dec-2024 04:28:06 Europe/Istanbul] Toplam galeri resim sayısı: 7
[12-Dec-2024 04:28:06 Europe/Istanbul] SQL Sorgusu: SELECT * FROM galeri_resimler ORDER BY galeri_tarih DESC LIMIT 0,10
[12-Dec-2024 04:28:36 Europe/Istanbul] Toplam galeri resim sayısı: 7
[12-Dec-2024 04:28:36 Europe/Istanbul] Ajax URL: https://pumada.ygtlabs.dev/include/ajax.php?do=gallery&action=row
[12-Dec-2024 04:28:36 Europe/Istanbul] Toplam galeri resim sayısı: 7
[12-Dec-2024 04:28:36 Europe/Istanbul] SQL Sorgusu: SELECT * FROM galeri_resimler ORDER BY galeri_tarih DESC LIMIT 0,10
[12-Dec-2024 04:28:39 Europe/Istanbul] Toplam galeri resim sayısı: 7
[12-Dec-2024 04:28:39 Europe/Istanbul] Ajax URL: https://pumada.ygtlabs.dev/include/ajax.php?do=gallery&action=row
[12-Dec-2024 04:28:39 Europe/Istanbul] Toplam galeri resim sayısı: 7
[12-Dec-2024 04:28:39 Europe/Istanbul] SQL Sorgusu: SELECT * FROM galeri_resimler ORDER BY galeri_tarih DESC LIMIT 0,10
[12-Dec-2024 04:28:50 Europe/Istanbul] Toplam galeri resim sayısı: 7
[12-Dec-2024 04:28:50 Europe/Istanbul] Ajax URL: https://pumada.ygtlabs.dev/include/ajax.php?do=gallery&action=row
[12-Dec-2024 04:28:50 Europe/Istanbul] Toplam galeri resim sayısı: 7
[12-Dec-2024 04:28:50 Europe/Istanbul] SQL Sorgusu: SELECT * FROM galeri_resimler ORDER BY galeri_tarih DESC LIMIT 0,10
[12-Dec-2024 04:29:05 Europe/Istanbul] Toplam galeri resim sayısı: 7
[12-Dec-2024 04:29:05 Europe/Istanbul] Ajax URL: https://pumada.ygtlabs.dev/include/ajax.php?do=gallery&action=row
[12-Dec-2024 04:29:05 Europe/Istanbul] Toplam galeri resim sayısı: 7
[12-Dec-2024 04:29:05 Europe/Istanbul] SQL Sorgusu: SELECT * FROM galeri_resimler ORDER BY galeri_tarih DESC LIMIT 0,10
[12-Dec-2024 04:29:15 Europe/Istanbul] Toplam galeri resim sayısı: 7
[12-Dec-2024 04:29:15 Europe/Istanbul] Ajax URL: https://pumada.ygtlabs.dev/include/ajax.php?do=gallery&action=row
[12-Dec-2024 04:29:15 Europe/Istanbul] Toplam galeri resim sayısı: 7
[12-Dec-2024 04:29:15 Europe/Istanbul] SQL Sorgusu: SELECT * FROM galeri_resimler ORDER BY galeri_tarih DESC LIMIT 0,10
[12-Dec-2024 04:30:16 Europe/Istanbul] Toplam galeri resim sayısı: 7
[12-Dec-2024 04:30:16 Europe/Istanbul] Ajax URL: https://pumada.ygtlabs.dev/include/ajax.php?do=gallery&action=row
[12-Dec-2024 04:30:16 Europe/Istanbul] Toplam galeri resim sayısı: 7
[12-Dec-2024 04:30:16 Europe/Istanbul] SQL Sorgusu: SELECT * FROM galeri_resimler ORDER BY galeri_tarih DESC LIMIT 0,10
[12-Dec-2024 04:30:26 Europe/Istanbul] Toplam galeri resim sayısı: 7
[12-Dec-2024 04:30:26 Europe/Istanbul] Ajax URL: https://pumada.ygtlabs.dev/include/ajax.php?do=gallery&action=row
[12-Dec-2024 04:30:26 Europe/Istanbul] Toplam galeri resim sayısı: 7
[12-Dec-2024 04:30:26 Europe/Istanbul] SQL Sorgusu: SELECT * FROM galeri_resimler ORDER BY galeri_tarih DESC LIMIT 0,10
[12-Dec-2024 04:30:27 Europe/Istanbul] Toplam galeri resim sayısı: 6
[12-Dec-2024 04:30:27 Europe/Istanbul] Ajax URL: https://pumada.ygtlabs.dev/include/ajax.php?do=gallery&action=row
[12-Dec-2024 04:30:27 Europe/Istanbul] Toplam galeri resim sayısı: 6
[12-Dec-2024 04:30:27 Europe/Istanbul] SQL Sorgusu: SELECT * FROM galeri_resimler ORDER BY galeri_tarih DESC LIMIT 0,10
[12-Dec-2024 04:31:20 Europe/Istanbul] Toplam galeri resim sayısı: 6
[12-Dec-2024 04:31:20 Europe/Istanbul] Ajax URL: https://pumada.ygtlabs.dev/include/ajax.php?do=gallery&action=row
[12-Dec-2024 04:31:20 Europe/Istanbul] Toplam galeri resim sayısı: 6
[12-Dec-2024 04:31:20 Europe/Istanbul] SQL Sorgusu: SELECT * FROM galeri_resimler ORDER BY galeri_tarih DESC LIMIT 0,10
[12-Dec-2024 04:35:48 Europe/Istanbul] PHP Fatal error:  Uncaught PDOException: SQLSTATE[42S22]: Column not found: 1054 Unknown column 'row' in 'order clause' in /var/www/vhosts/ygtlabs.dev/pumada.ygtlabs.dev/admin/galeri.php:38
Stack trace:
#0 /var/www/vhosts/ygtlabs.dev/pumada.ygtlabs.dev/admin/galeri.php(38): PDOStatement->execute()
#1 {main}
  thrown in /var/www/vhosts/ygtlabs.dev/pumada.ygtlabs.dev/admin/galeri.php on line 38
[12-Dec-2024 04:35:51 Europe/Istanbul] PHP Fatal error:  Uncaught PDOException: SQLSTATE[42S22]: Column not found: 1054 Unknown column 'row' in 'order clause' in /var/www/vhosts/ygtlabs.dev/pumada.ygtlabs.dev/admin/galeri.php:38
Stack trace:
#0 /var/www/vhosts/ygtlabs.dev/pumada.ygtlabs.dev/admin/galeri.php(38): PDOStatement->execute()
#1 {main}
  thrown in /var/www/vhosts/ygtlabs.dev/pumada.ygtlabs.dev/admin/galeri.php on line 38
[12-Dec-2024 04:38:46 Europe/Istanbul] PHP Fatal error:  Uncaught PDOException: SQLSTATE[42S22]: Column not found: 1054 Unknown column 'row' in 'order clause' in /var/www/vhosts/ygtlabs.dev/pumada.ygtlabs.dev/admin/galeri.php:38
Stack trace:
#0 /var/www/vhosts/ygtlabs.dev/pumada.ygtlabs.dev/admin/galeri.php(38): PDOStatement->execute()
#1 {main}
  thrown in /var/www/vhosts/ygtlabs.dev/pumada.ygtlabs.dev/admin/galeri.php on line 38
[12-Dec-2024 04:38:47 Europe/Istanbul] PHP Fatal error:  Uncaught PDOException: SQLSTATE[42S22]: Column not found: 1054 Unknown column 'row' in 'order clause' in /var/www/vhosts/ygtlabs.dev/pumada.ygtlabs.dev/admin/galeri.php:38
Stack trace:
#0 /var/www/vhosts/ygtlabs.dev/pumada.ygtlabs.dev/admin/galeri.php(38): PDOStatement->execute()
#1 {main}
  thrown in /var/www/vhosts/ygtlabs.dev/pumada.ygtlabs.dev/admin/galeri.php on line 38
[12-Dec-2024 04:38:52 Europe/Istanbul] PHP Fatal error:  Uncaught PDOException: SQLSTATE[42S22]: Column not found: 1054 Unknown column 'row' in 'order clause' in /var/www/vhosts/ygtlabs.dev/pumada.ygtlabs.dev/admin/galeri.php:38
Stack trace:
#0 /var/www/vhosts/ygtlabs.dev/pumada.ygtlabs.dev/admin/galeri.php(38): PDOStatement->execute()
#1 {main}
  thrown in /var/www/vhosts/ygtlabs.dev/pumada.ygtlabs.dev/admin/galeri.php on line 38
[12-Dec-2024 04:38:53 Europe/Istanbul] PHP Fatal error:  Uncaught PDOException: SQLSTATE[42S22]: Column not found: 1054 Unknown column 'row' in 'order clause' in /var/www/vhosts/ygtlabs.dev/pumada.ygtlabs.dev/admin/galeri.php:38
Stack trace:
#0 /var/www/vhosts/ygtlabs.dev/pumada.ygtlabs.dev/admin/galeri.php(38): PDOStatement->execute()
#1 {main}
  thrown in /var/www/vhosts/ygtlabs.dev/pumada.ygtlabs.dev/admin/galeri.php on line 38
[12-Dec-2024 04:38:53 Europe/Istanbul] PHP Fatal error:  Uncaught PDOException: SQLSTATE[42S22]: Column not found: 1054 Unknown column 'row' in 'order clause' in /var/www/vhosts/ygtlabs.dev/pumada.ygtlabs.dev/admin/galeri.php:38
Stack trace:
#0 /var/www/vhosts/ygtlabs.dev/pumada.ygtlabs.dev/admin/galeri.php(38): PDOStatement->execute()
#1 {main}
  thrown in /var/www/vhosts/ygtlabs.dev/pumada.ygtlabs.dev/admin/galeri.php on line 38
